<?xml version="1.0" encoding="UTF-8"?>
<!-- Generated by org.testng.reporters.JUnitReportReporter -->
<testsuite hostname="Raaseshs-Air" failures="0" tests="7" name="plandaytest.Testcase" time="90.217" errors="0" timestamp="2022-06-19T21:41:54 CEST" skipped="0">
  <testcase classname="plandaytest.Testcase" name="test2VerifyError" time="9.250"/>
  <system-out/>
  <testcase classname="plandaytest.Testcase" name="test9assertcreatedshift" time="14.523"/>
  <system-out/>
  <testcase classname="plandaytest.Testcase" name="test4and5NavigateShcedulepageandverify" time="18.466"/>
  <system-out/>
  <testcase classname="plandaytest.Testcase" name="test1NavigateandVeryfy" time="6.025"/>
  <system-out/>
  <testcase classname="plandaytest.Testcase" name="test3Login" time="7.483"/>
  <system-out/>
  <testcase classname="plandaytest.Testcase" name="test7and8createashiftandfilltime" time="19.251"/>
  <system-out/>
  <testcase classname="plandaytest.Testcase" name="test6countandassertnumberofemployee" time="15.219"/>
  <system-out/>
</testsuite> <!-- plandaytest.Testcase -->
