<?xml version="1.0" encoding="UTF-8"?>
<!-- Generated by org.testng.reporters.JUnitReportReporter -->
<testsuite hostname="Raaseshs-Air" failures="0" tests="6" name="plandaytest.Testcase" time="58.714" errors="0" timestamp="2022-06-20T00:45:05 CEST" skipped="0">
  <testcase classname="plandaytest.Testcase" name="CountAndAssertNumberOfEmployees" time="11.287"/>
  <system-out/>
  <testcase classname="plandaytest.Testcase" name="VerifyLoginFieldsAvailability" time="12.125"/>
  <system-out/>
  <testcase classname="plandaytest.Testcase" name="VerifyShiftShownOnScheduleGrid" time="16.276"/>
  <system-out/>
  <testcase classname="plandaytest.Testcase" name="VerifyLogin" time="5.563"/>
  <system-out/>
  <testcase classname="plandaytest.Testcase" name="VerifyIncorrectLoginCredentialsError" time="5.862"/>
  <system-out/>
  <testcase classname="plandaytest.Testcase" name="VerifyRedirectUrlContainsSchedule" time="7.601"/>
  <system-out/>
</testsuite> <!-- plandaytest.Testcase -->
